# JRE version: OpenJDK Runtime Environment (15.0.2+7) (build 15.0.2+7-27)
# Java VM: OpenJDK 64-Bit Server VM (15.0.2+7-27, mixed mode, tiered, compressed oops, g1 gc, windows-amd64)
GC Precious Log:
 CPUs: 8 total, 8 available
 Memory: 16215M
 Large Page Support: Disabled
 NUMA Support: Disabled
 Compressed Oops: Enabled (Zero based)
 Heap Region Size: 2M
 Heap Min Capacity: 8M
 Heap Initial Capacity: 254M
 Heap Max Capacity: 4054M
 Pre-touch: Disabled
 Parallel Workers: 8
 Concurrent Workers: 2
 Concurrent Refinement Workers: 8
 Periodic GC: Disabled
Heap:
 garbage-first heap   total 161792K, used 69305K [0x0000000702a00000, 0x0000000800000000)
  region size 2048K, 27 young (55296K), 2 survivors (4096K)
 Metaspace       used 50433K, capacity 50849K, committed 51200K, reserved 1095680K
  class space    used 5651K, capacity 5781K, committed 5888K, reserved 1048576K
GC Heap History (20 events):
Event: 1.064 GC heap before
{Heap before GC invocations=2 (full 0):
 garbage-first heap   total 260096K, used 42227K [0x0000000702a00000, 0x0000000800000000)
  region size 2048K, 19 young (38912K), 1 survivors (2048K)
 Metaspace       used 20978K, capacity 21166K, committed 21248K, reserved 1069056K
  class space    used 2142K, capacity 2234K, committed 2304K, reserved 1048576K
}
Event: 1.067 GC heap after
{Heap after GC invocations=3 (full 0):
 garbage-first heap   total 260096K, used 8502K [0x0000000702a00000, 0x0000000800000000)
  region size 2048K, 1 young (2048K), 1 survivors (2048K)
 Metaspace       used 20978K, capacity 21166K, committed 21248K, reserved 1069056K
  class space    used 2142K, capacity 2234K, committed 2304K, reserved 1048576K
}
Event: 1.182 GC heap before
{Heap before GC invocations=4 (full 0):
 garbage-first heap   total 40960K, used 39222K [0x0000000702a00000, 0x0000000800000000)
  region size 2048K, 16 young (32768K), 1 survivors (2048K)
 Metaspace       used 23776K, capacity 23988K, committed 24064K, reserved 1071104K
  class space    used 2431K, capacity 2491K, committed 2560K, reserved 1048576K
}
Event: 1.184 GC heap after
{Heap after GC invocations=5 (full 0):
 garbage-first heap   total 45056K, used 8961K [0x0000000702a00000, 0x0000000800000000)
  region size 2048K, 2 young (4096K), 2 survivors (4096K)
 Metaspace       used 23776K, capacity 23988K, committed 24064K, reserved 1071104K
  class space    used 2431K, capacity 2491K, committed 2560K, reserved 1048576K
}
Event: 1.260 GC heap before
{Heap before GC invocations=5 (full 0):
 garbage-first heap   total 45056K, used 27393K [0x0000000702a00000, 0x0000000800000000)
  region size 2048K, 11 young (22528K), 2 survivors (4096K)
 Metaspace       used 25396K, capacity 25652K, committed 25856K, reserved 1073152K
  class space    used 2652K, capacity 2747K, committed 2816K, reserved 1048576K
}
Event: 1.264 GC heap after
{Heap after GC invocations=6 (full 0):
 garbage-first heap   total 45056K, used 9354K [0x0000000702a00000, 0x0000000800000000)
  region size 2048K, 1 young (2048K), 1 survivors (2048K)
 Metaspace       used 25396K, capacity 25652K, committed 25856K, reserved 1073152K
  class space    used 2652K, capacity 2747K, committed 2816K, reserved 1048576K
}
Event: 1.421 GC heap before
{Heap before GC invocations=6 (full 0):
 garbage-first heap   total 45056K, used 25738K [0x0000000702a00000, 0x0000000800000000)
  region size 2048K, 10 young (20480K), 1 survivors (2048K)
 Metaspace       used 27164K, capacity 27392K, committed 27648K, reserved 1073152K
  class space    used 2885K, capacity 2985K, committed 3072K, reserved 1048576K
}
Event: 1.425 GC heap after
{Heap after GC invocations=7 (full 0):
 garbage-first heap   total 45056K, used 9931K [0x0000000702a00000, 0x0000000800000000)
  region size 2048K, 2 young (4096K), 2 survivors (4096K)
 Metaspace       used 27164K, capacity 27392K, committed 27648K, reserved 1073152K
  class space    used 2885K, capacity 2985K, committed 3072K, reserved 1048576K
}
Event: 1.610 GC heap before
{Heap before GC invocations=7 (full 0):
 garbage-first heap   total 45056K, used 26315K [0x0000000702a00000, 0x0000000800000000)
  region size 2048K, 11 young (22528K), 2 survivors (4096K)
 Metaspace       used 28355K, capacity 28606K, committed 28800K, reserved 1075200K
  class space    used 3015K, capacity 3089K, committed 3200K, reserved 1048576K
}
Event: 1.615 GC heap after
{Heap after GC invocations=8 (full 0):
 garbage-first heap   total 153600K, used 10843K [0x0000000702a00000, 0x0000000800000000)
  region size 2048K, 2 young (4096K), 2 survivors (4096K)
 Metaspace       used 28355K, capacity 28606K, committed 28800K, reserved 1075200K
  class space    used 3015K, capacity 3089K, committed 3200K, reserved 1048576K
}
Event: 2.570 GC heap before
{Heap before GC invocations=8 (full 0):
 garbage-first heap   total 153600K, used 88667K [0x0000000702a00000, 0x0000000800000000)
  region size 2048K, 41 young (83968K), 2 survivors (4096K)
 Metaspace       used 35441K, capacity 35688K, committed 35840K, reserved 1081344K
  class space    used 3897K, capacity 3989K, committed 4096K, reserved 1048576K
}
Event: 2.577 GC heap after
{Heap after GC invocations=9 (full 0):
 garbage-first heap   total 153600K, used 13677K [0x0000000702a00000, 0x0000000800000000)
  region size 2048K, 3 young (6144K), 3 survivors (6144K)
 Metaspace       used 35441K, capacity 35688K, committed 35840K, reserved 1081344K
  class space    used 3897K, capacity 3989K, committed 4096K, reserved 1048576K
}
Event: 2.904 GC heap before
{Heap before GC invocations=10 (full 0):
 garbage-first heap   total 61440K, used 44397K [0x0000000702a00000, 0x0000000800000000)
  region size 2048K, 18 young (36864K), 3 survivors (6144K)
 Metaspace       used 37862K, capacity 38205K, committed 38400K, reserved 1083392K
  class space    used 4168K, capacity 4315K, committed 4352K, reserved 1048576K
}
Event: 2.910 GC heap after
{Heap after GC invocations=11 (full 0):
 garbage-first heap   total 61440K, used 15086K [0x0000000702a00000, 0x0000000800000000)
  region size 2048K, 1 young (2048K), 1 survivors (2048K)
 Metaspace       used 37862K, capacity 38205K, committed 38400K, reserved 1083392K
  class space    used 4168K, capacity 4315K, committed 4352K, reserved 1048576K
}
Event: 3.347 GC heap before
{Heap before GC invocations=11 (full 0):
 garbage-first heap   total 61440K, used 45806K [0x0000000702a00000, 0x0000000800000000)
  region size 2048K, 16 young (32768K), 1 survivors (2048K)
 Metaspace       used 40309K, capacity 40695K, committed 40832K, reserved 1085440K
  class space    used 4493K, capacity 4621K, committed 4736K, reserved 1048576K
}
Event: 3.350 GC heap after
{Heap after GC invocations=12 (full 0):
 garbage-first heap   total 61440K, used 16545K [0x0000000702a00000, 0x0000000800000000)
  region size 2048K, 2 young (4096K), 2 survivors (4096K)
 Metaspace       used 40309K, capacity 40695K, committed 40832K, reserved 1085440K
  class space    used 4493K, capacity 4621K, committed 4736K, reserved 1048576K
}
Event: 3.657 GC heap before
{Heap before GC invocations=12 (full 0):
 garbage-first heap   total 61440K, used 45217K [0x0000000702a00000, 0x0000000800000000)
  region size 2048K, 16 young (32768K), 2 survivors (4096K)
 Metaspace       used 42693K, capacity 43138K, committed 43392K, reserved 1087488K
  class space    used 4810K, capacity 4962K, committed 4992K, reserved 1048576K
}
Event: 3.662 GC heap after
{Heap after GC invocations=13 (full 0):
 garbage-first heap   total 61440K, used 18191K [0x0000000702a00000, 0x0000000800000000)
  region size 2048K, 2 young (4096K), 2 survivors (4096K)
 Metaspace       used 42693K, capacity 43138K, committed 43392K, reserved 1087488K
  class space    used 4810K, capacity 4962K, committed 4992K, reserved 1048576K
}
Event: 3.894 GC heap before
{Heap before GC invocations=13 (full 0):
 garbage-first heap   total 61440K, used 42767K [0x0000000702a00000, 0x0000000800000000)
  region size 2048K, 15 young (30720K), 2 survivors (4096K)
 Metaspace       used 45331K, capacity 45722K, committed 45952K, reserved 1089536K
  class space    used 5088K, capacity 5225K, committed 5248K, reserved 1048576K
}
Event: 3.898 GC heap after
{Heap after GC invocations=14 (full 0):
 garbage-first heap   total 161792K, used 20153K [0x0000000702a00000, 0x0000000800000000)
  region size 2048K, 2 young (4096K), 2 survivors (4096K)
 Metaspace       used 45331K, capacity 45722K, committed 45952K, reserved 1089536K
  class space    used 5088K, capacity 5225K, committed 5248K, reserved 1048576K
}

